<?xml version="1.0" encoding="UTF-8"?>
<testng-results ignored="0" total="1" passed="1" failed="0" skipped="0">
  <reporter-output>
  </reporter-output>
  <suite started-at="2022-07-12T09:16:44 PDT" name="Default suite" finished-at="2022-07-12T09:16:53 PDT" duration-ms="9221">
    <groups>
      <group name="cucumber">
        <method signature="AbstractTestNGCucumberTests.feature(cucumber.api.testng.CucumberFeatureWrapper)[pri:0, instance:com.winter.testrunner.testrunnerWClass@3d1cfad4]" name="feature" class="cucumber.api.testng.AbstractTestNGCucumberTests"/>
      </group> <!-- cucumber -->
    </groups>
    <test started-at="2022-07-12T09:16:44 PDT" name="Default test" finished-at="2022-07-12T09:16:53 PDT" duration-ms="9221">
      <class name="com.winter.testrunner.testrunnerWClass">
        <test-method is-config="true" signature="startURLW()[pri:0, instance:com.winter.testrunner.testrunnerWClass@3d1cfad4]" started-at="2022-07-12T09:16:44 PDT" name="startURLW" finished-at="2022-07-12T09:16:49 PDT" duration-ms="4754" status="PASS">
          <reporter-output>
          </reporter-output>
        </test-method> <!-- startURLW -->
        <test-method is-config="true" signature="setUpClass()[pri:0, instance:com.winter.testrunner.testrunnerWClass@3d1cfad4]" started-at="2022-07-12T09:16:49 PDT" name="setUpClass" finished-at="2022-07-12T09:16:49 PDT" duration-ms="124" status="PASS">
          <reporter-output>
          </reporter-output>
        </test-method> <!-- setUpClass -->
        <test-method signature="feature(cucumber.api.testng.CucumberFeatureWrapper)[pri:0, instance:com.winter.testrunner.testrunnerWClass@3d1cfad4]" started-at="2022-07-12T09:16:49 PDT" name="feature" description="Runs Cucumber Feature" data-provider="features" finished-at="2022-07-12T09:16:52 PDT" duration-ms="3644" status="PASS">
          <params>
            <param index="0">
              <value>
                <![CDATA[This feature is to validate signin functionality]]>
              </value>
            </param>
          </params>
          <reporter-output>
          </reporter-output>
        </test-method> <!-- feature -->
        <test-method is-config="true" signature="tearDownClass()[pri:0, instance:com.winter.testrunner.testrunnerWClass@3d1cfad4]" started-at="2022-07-12T09:16:52 PDT" name="tearDownClass" finished-at="2022-07-12T09:16:52 PDT" duration-ms="8" status="PASS">
          <reporter-output>
          </reporter-output>
        </test-method> <!-- tearDownClass -->
        <test-method is-config="true" signature="closeURLW()[pri:0, instance:com.winter.testrunner.testrunnerWClass@3d1cfad4]" started-at="2022-07-12T09:16:52 PDT" name="closeURLW" finished-at="2022-07-12T09:16:53 PDT" duration-ms="629" status="PASS">
          <reporter-output>
          </reporter-output>
        </test-method> <!-- closeURLW -->
      </class> <!-- com.winter.testrunner.testrunnerWClass -->
    </test> <!-- Default test -->
  </suite> <!-- Default suite -->
</testng-results>
